<?xml version="1.0" encoding="UTF-8"?>
<!-- Generated by org.testng.reporters.JUnitReportReporter -->
<testsuite hostname="Ashutosh" failures="0" tests="3" name="Test.HomePageTest" time="27.563" errors="0" timestamp="2022-08-23T13:54:16 IST" skipped="0">
  <testcase classname="Test.HomePageTest" name="addSerchedStockToWishlist" time="10.745"/>
  <system-out/>
  <testcase classname="Test.HomePageTest" name="buySerchedStock" time="8.434"/>
  <system-out/>
  <testcase classname="Test.HomePageTest" name="sellSerchedStock" time="8.384"/>
  <system-out/>
</testsuite> <!-- Test.HomePageTest -->
