<?xml version="1.0" encoding="UTF-8"?>
<!-- Generated by org.testng.reporters.JUnitReportReporter -->
<testsuite hostname="Ashutosh" failures="0" tests="2" name="Test.ForgotPasswordTest" time="6.629" errors="0" timestamp="2022-08-18T19:53:39 IST" skipped="1">
  <testcase classname="Test.ForgotPasswordTest" name="passRcoverByWithPanSms" time="6.629"/>
  <system-out/>
  <testcase classname="Test.ForgotPasswordTest" name="passRcoverByVallidUIdEmail">
    <skipped/>
  </testcase> <!-- passRcoverByVallidUIdEmail -->
  <system-out/>
</testsuite> <!-- Test.ForgotPasswordTest -->
