<?xml version="1.0" encoding="UTF-8"?>
<!-- Generated by org.testng.reporters.JUnitReportReporter -->
<testsuite hostname="Ashutosh" failures="0" tests="1" name="Test.BuySearchStock" time="12.750" errors="0" timestamp="2022-08-21T09:57:11 IST" skipped="0">
  <testcase classname="Test.BuySearchStock" name="selectNationalStockMarket" time="12.750"/>
  <system-out/>
</testsuite> <!-- Test.BuySearchStock -->
